#
# There is insufficient memory for the Java Runtime Environment to continue.
# Native memory allocation (malloc) failed to allocate 69680 bytes for Chunk::new
# Possible reasons:
#   The system is out of physical RAM or swap space
#   In 32 bit mode, the process size limit was hit
# Possible solutions:
#   Reduce memory load on the system
#   Increase physical memory or swap space
#   Check if swap backing store is full
#   Use 64 bit Java on a 64 bit OS
#   Decrease Java heap size (-Xmx/-Xms)
#   Decrease number of Java threads
#   Decrease Java thread stack sizes (-Xss)
#   Set larger code cache with -XX:ReservedCodeCacheSize=
# This output file may be truncated or incomplete.
#
#  Out of Memory Error (allocation.cpp:390), pid=8064, tid=4196
#
# JRE version: Java(TM) SE Runtime Environment (8.0_25-b18) (build 1.8.0_25-b18)
# Java VM: Java HotSpot(TM) 64-Bit Server VM (25.25-b02 mixed mode windows-amd64 compressed oops)
# Failed to write core dump. Minidumps are not enabled by default on client versions of Windows
#

---------------  T H R E A D  ---------------

Current thread (0x0000000055063000):  JavaThread "C2 CompilerThread0" daemon [_thread_in_native, id=4196, stack(0x00000000568c0000,0x00000000569c0000)]

Stack: [0x00000000568c0000,0x00000000569c0000]
Native frames: (J=compiled Java code, j=interpreted, Vv=VM code, C=native code)
V  [jvm.dll+0x31667a]


Current CompileTask:
C2:   5013 1268       4       com.android.dx.ssa.SCCP::simulateStmt (481 bytes)


---------------  P R O C E S S  ---------------

Java Threads: ( => current thread )
  0x0000000056db1800 JavaThread "Service Thread" daemon [_thread_blocked, id=3328, stack(0x0000000057200000,0x0000000057300000)]
  0x000000005506c000 JavaThread "C1 CompilerThread2" daemon [_thread_blocked, id=4424, stack(0x0000000056c40000,0x0000000056d40000)]
  0x000000005506a800 JavaThread "C2 CompilerThread1" daemon [_thread_blocked, id=7808, stack(0x00000000569e0000,0x0000000056ae0000)]
=>0x0000000055063000 JavaThread "C2 CompilerThread0" daemon [_thread_in_native, id=4196, stack(0x00000000568c0000,0x00000000569c0000)]
  0x0000000055061800 JavaThread "Attach Listener" daemon [_thread_blocked, id=4992, stack(0x0000000056700000,0x0000000056800000)]
  0x000000005505e000 JavaThread "Signal Dispatcher" daemon [_thread_blocked, id=2780, stack(0x0000000056530000,0x0000000056630000)]
  0x0000000054ffe800 JavaThread "Finalizer" daemon [_thread_blocked, id=5192, stack(0x0000000056390000,0x0000000056490000)]
  0x0000000054ffb800 JavaThread "Reference Handler" daemon [_thread_blocked, id=4324, stack(0x0000000055f80000,0x0000000056080000)]
  0x000000000218f000 JavaThread "main" [_thread_in_Java, id=5072, stack(0x00000000023a0000,0x00000000024a0000)]

Other Threads:
  0x0000000054ff5800 VMThread [stack: 0x0000000056130000,0x0000000056230000] [id=3152]
  0x000000005506f000 WatcherThread [stack: 0x0000000056290000,0x0000000056390000] [id=4136]

VM state:not at safepoint (normal execution)

VM Mutex/Monitor currently owned by a thread: None

Heap:
 PSYoungGen      total 38400K, used 28633K [0x00000000eab00000, 0x00000000ed580000, 0x0000000100000000)
  eden space 33280K, 86% used [0x00000000eab00000,0x00000000ec6f6488,0x00000000ecb80000)
  from space 5120K, 0% used [0x00000000ed080000,0x00000000ed080000,0x00000000ed580000)
  to   space 5120K, 0% used [0x00000000ecb80000,0x00000000ecb80000,0x00000000ed080000)
 ParOldGen       total 87552K, used 0K [0x00000000c0000000, 0x00000000c5580000, 0x00000000eab00000)
  object space 87552K, 0% used [0x00000000c0000000,0x00000000c0000000,0x00000000c5580000)
 Metaspace       used 5488K, capacity 6832K, committed 7040K, reserved 1056768K
  class space    used 532K, capacity 616K, committed 640K, reserved 1048576K

Card table byte_map: [0x0000000011b30000,0x0000000011d40000] byte_map_base: 0x0000000011530000

Marking Bits: (ParMarkBitMap*) 0x0000000062d2d490
 Begin Bits: [0x0000000012470000, 0x0000000013470000)
 End Bits:   [0x0000000013470000, 0x0000000014470000)

Polling page: 0x0000000000330000

CodeCache: size=245760Kb used=5330Kb max_used=5334Kb free=240429Kb
 bounds [0x0000000002770000, 0x0000000002cc0000, 0x0000000011770000]
 total_blobs=1533 nmethods=1273 adapters=173
 compilation: disabled (not enough contiguous free space left)

Compilation events (10 events):
Event: 4.948 Thread 0x000000005506c000 nmethod 1266 0x0000000002ca4a90 code [0x0000000002ca4c40, 0x0000000002ca50d8]
Event: 4.955 Thread 0x000000005506a800 nmethod 1272 0x0000000002ca82d0 code [0x0000000002ca8440, 0x0000000002ca8888]
Event: 4.963 Thread 0x000000005506c000 1273       3       java.util.RegularEnumSet::remove (74 bytes)
Event: 4.963 Thread 0x000000005506a800 1274       4       java.util.Collections$UnmodifiableCollection$1::next (10 bytes)
Event: 4.964 Thread 0x000000005506c000 nmethod 1273 0x0000000002ca7a50 code [0x0000000002ca7be0, 0x0000000002ca8168]
Event: 4.967 Thread 0x000000005506a800 nmethod 1274 0x0000000002ca5e50 code [0x0000000002ca5fa0, 0x0000000002ca61b8]
Event: 4.968 Thread 0x000000005506c000 1275       3       com.android.dx.ssa.SsaMethod::convertRopToSsaBlocks (103 bytes)
Event: 4.969 Thread 0x000000005506c000 nmethod 1275 0x0000000002caa690 code [0x0000000002caa900, 0x0000000002caba48]
Event: 4.969 Thread 0x000000005506c000 1280       3       com.android.dx.ssa.ConstCollector::run (236 bytes)
Event: 4.978 Thread 0x000000005506c000 


GC Heap History (0 events):
No events

Deoptimization events (5 events):
Event: 4.508 Thread 0x000000000218f000 Uncommon trap: reason=class_check action=maybe_recompile pc=0x0000000002a17244 method=com.android.dx.rop.type.Type.equals(Ljava/lang/Object;)Z @ 8
Event: 4.508 Thread 0x000000000218f000 Uncommon trap: reason=class_check action=maybe_recompile pc=0x0000000002a17244 method=com.android.dx.rop.type.Type.equals(Ljava/lang/Object;)Z @ 8
Event: 4.678 Thread 0x000000000218f000 Uncommon trap: reason=unreached action=reinterpret pc=0x0000000002b2cebc method=com.android.dx.rop.code.LocalItem.hashCode()I @ 25
Event: 4.678 Thread 0x000000000218f000 Uncommon trap: reason=unreached action=reinterpret pc=0x0000000002ac8148 method=com.android.dx.rop.code.LocalItem.hashCode()I @ 25
Event: 4.991 Thread 0x000000000218f000 Uncommon trap: reason=class_check action=maybe_recompile pc=0x0000000002a17244 method=com.android.dx.rop.type.Type.equals(Ljava/lang/Object;)Z @ 8

Internal exceptions (2 events):
Event: 0.043 Thread 0x000000000218f000 Exception <a 'java/lang/NoSuchMethodError': Method sun.misc.Unsafe.defineClass(Ljava/lang/String;[BII)Ljava/lang/Class; name or signature does not match> (0x00000000eab0c718) thrown at [D:\re\workspace\8-2-build-windows-amd64-cygwin\jdk8u25\1677\hotspot\srà*MùÒ@¶?
Event: 0.043 Thread 0x000000000218f000 Exception <a 'java/lang/NoSuchMethodError': Method sun.misc.Unsafe.prefetchRead(Ljava/lang/Object;J)V name or signature does not match> (0x00000000eab0c9a8) thrown at [D:\re\workspace\8-2-build-windows-amd64-cygwin\jdk8u25\1677\hotspot\src\share\vm\prims\j

Events (10 events):
Event: 4.694 loading class com/android/dx/dex/file/FieldAnnotationStruct done
Event: 4.885 loading class java/util/DualPivotQuicksort
Event: 4.885 loading class java/util/DualPivotQuicksort done
Event: 4.974 Executing VM operation: ForceSafepoint
Event: 4.974 Executing VM operation: ForceSafepoint done
Event: 4.982 loading class com/android/dx/cf/attrib/AttExceptions
Event: 4.982 loading class com/android/dx/cf/attrib/AttExceptions done
Event: 4.991 Thread 0x000000000218f000 Uncommon trap: trap_request=0xffffffde fr.pc=0x0000000002a17244
Event: 4.991 Thread 0x000000000218f000 DEOPT PACKING pc=0x0000000002a17244 sp=0x000000000249ddf0
Event: 4.991 Thread 0x000000000218f000 DEOPT UNPACKING pc=0x00000000027b556a sp=0x000000000249db68 mode 2


Dynamic libraries:
0x000000013f6d0000 - 0x000000013f704000 	C:\PROGRA~1\Java\JDK18~1.0_2\bin\java.exe
0x00000000773b0000 - 0x0000000077559000 	C:\Windows\SYSTEM32\ntdll.dll
0x0000000077290000 - 0x00000000773af000 	C:\Windows\system32\kernel32.dll
0x000007fefd250000 - 0x000007fefd2bc000 	C:\Windows\system32\KERNELBASE.dll
0x000007fefdec0000 - 0x000007fefdf9b000 	C:\Windows\system32\ADVAPI32.dll
0x000007feff5a0000 - 0x000007feff63f000 	C:\Windows\system32\msvcrt.dll
0x000007fefdb40000 - 0x000007fefdb5f000 	C:\Windows\SYSTEM32\sechost.dll
0x000007fefdd90000 - 0x000007fefdebd000 	C:\Windows\system32\RPCRT4.dll
0x0000000077190000 - 0x000000007728a000 	C:\Windows\system32\USER32.dll
0x000007fefd890000 - 0x000007fefd8f7000 	C:\Windows\system32\GDI32.dll
0x000007fefdb30000 - 0x000007fefdb3e000 	C:\Windows\system32\LPK.dll
0x000007fefdbe0000 - 0x000007fefdca9000 	C:\Windows\system32\USP10.dll
0x000007fefa900000 - 0x000007fefaaf4000 	C:\Windows\WinSxS\amd64_microsoft.windows.common-controls_6595b64144ccf1df_6.0.7601.17514_none_fa396087175ac9ac\COMCTL32.dll
0x000007fefdb60000 - 0x000007fefdbd1000 	C:\Windows\system32\SHLWAPI.dll
0x000007fefe540000 - 0x000007fefe56e000 	C:\Windows\system32\IMM32.DLL
0x000007fefd530000 - 0x000007fefd639000 	C:\Windows\system32\MSCTF.dll
0x000000006bfd0000 - 0x000000006c0a2000 	C:\PROGRA~1\Java\JDK18~1.0_2\jre\bin\msvcr100.dll
0x0000000062550000 - 0x0000000062daa000 	C:\PROGRA~1\Java\JDK18~1.0_2\jre\bin\server\jvm.dll
0x000007fef8d70000 - 0x000007fef8d79000 	C:\Windows\system32\WSOCK32.dll
0x000007fefdae0000 - 0x000007fefdb2d000 	C:\Windows\system32\WS2_32.dll
0x000007feff590000 - 0x000007feff598000 	C:\Windows\system32\NSI.dll
0x000007fefa0f0000 - 0x000007fefa12b000 	C:\Windows\system32\WINMM.dll
0x0000000077570000 - 0x0000000077577000 	C:\Windows\system32\PSAPI.DLL
0x0000000073420000 - 0x000000007342f000 	C:\PROGRA~1\Java\JDK18~1.0_2\jre\bin\verify.dll
0x00000000733f0000 - 0x0000000073418000 	C:\PROGRA~1\Java\JDK18~1.0_2\jre\bin\java.dll
0x0000000073280000 - 0x0000000073296000 	C:\PROGRA~1\Java\JDK18~1.0_2\jre\bin\zip.dll
0x000007fefe780000 - 0x000007feff508000 	C:\Windows\system32\SHELL32.dll
0x000007fefe570000 - 0x000007fefe773000 	C:\Windows\system32\ole32.dll
0x000007fefd180000 - 0x000007fefd18f000 	C:\Windows\system32\profapi.dll

VM Arguments:
jvm_args: -Xmx1024M -Xss1m -Djava.ext.dirs=C:\Android\sdk\build-tools\19.1.0\lib 
java_command: C:\Android\sdk\build-tools\19.1.0\lib\dx.jar --dex --output C:\Work\divi\workspace\DiviKids\app\build\intermediates\pre-dexed\debug\internal_impl-21.0.3-359bde2282043f124997e61b3f55857b67fb0118.jar C:\Work\divi\workspace\DiviKids\app\build\intermediates\exploded-aar\com.android.support\support-v4\21.0.3\libs\internal_impl-21.0.3.jar
java_class_path (initial): C:\Android\sdk\build-tools\19.1.0\lib\dx.jar
Launcher Type: SUN_STANDARD

Environment Variables:
JAVA_HOME=C:\Program Files\Java\jdk1.8.0_25
PATH=C:\ProgramData\Oracle\Java\javapath;C:\Program Files (x86)\Intel\iCLS Client\;C:\Program Files\Intel\iCLS Client\;C:\Windows\system32;C:\Windows;C:\Windows\System32\Wbem;C:\Windows\System32\WindowsPowerShell\v1.0\;C:\Program Files\Intel\WiFi\bin\;C:\Program Files\Common Files\Intel\WirelessCommon\;C:\Program Files (x86)\ATI Technologies\ATI.ACE\Core-Static;C:\Program Files\Google\Cloud SDK\google-cloud-sdk\bin;C:\Program Files\Intel\WiFi\bin\;C:\Program Files\Common Files\Intel\WirelessCommon\
USERNAME=Indra
OS=Windows_NT
PROCESSOR_IDENTIFIER=Intel64 Family 6 Model 42 Stepping 7, GenuineIntel



---------------  S Y S T E M  ---------------

OS: Windows 7 , 64 bit Build 7601 Service Pack 1

CPU:total 4 (2 cores per cpu, 2 threads per core) family 6 model 42 stepping 7, cmov, cx8, fxsr, mmx, sse, sse2, sse3, ssse3, sse4.1, sse4.2, popcnt, avx, aes, clmul, ht, tsc, tscinvbit

Memory: 4k page, physical 8302448k(1952272k free), swap 8300584k(5096k free)

vm_info: Java HotSpot(TM) 64-Bit Server VM (25.25-b02) for windows-amd64 JRE (1.8.0_25-b18), built on Oct  7 2014 14:25:37 by "java_re" with MS VC++ 10.0 (VS2010)

time: Mon Jan 12 03:24:50 2015
elapsed time: 5 seconds (0d 0h 0m 5s)

